<?xml version="1.0" encoding="UTF-8"?>
<!-- Generated by org.testng.reporters.JUnitReportReporter -->
<testsuite skipped="0" hostname="2S9ZQN2" name="com.bankguru.testcases.LoginScripts" tests="1" failures="0" timestamp="31 Mar 2019 08:25:03 GMT" time="9.246" errors="0">
  <testcase name="TC_01" time="9.246" classname="com.bankguru.testcases.LoginScripts"/>
</testsuite> <!-- com.bankguru.testcases.LoginScripts -->
