<?xml version="1.0" encoding="UTF-8"?>
<!-- Generated by org.testng.reporters.JUnitReportReporter -->
<testsuite skipped="0" hostname="2S9ZQN2" name="com.bankguru.testcases.NewCustomerScripts" tests="1" failures="0" timestamp="31 Mar 2019 08:26:15 GMT" time="1.615" errors="0">
  <testcase name="TC_01" time="1.615" classname="com.bankguru.testcases.NewCustomerScripts"/>
</testsuite> <!-- com.bankguru.testcases.NewCustomerScripts -->
